2020-01-07 00:37:40+0000: GTP Engine starting...
2020-01-07 00:37:40+0000: KataGo v1.2
2020-01-07 00:37:40+0000: Using 1 CPU thread(s) for search
2020-01-07 00:37:40+0000: nnRandSeed0 = 7612871660756625358
2020-01-07 00:37:40+0000: After dedups: nnModelFile0 = models/g104-b20c256.txt.gz useFP16 false useNHWC false
2020-01-07 00:37:44+0000: Loaded neural net with nnXLen 19 nnYLen 19
2020-01-07 00:37:44+0000: Loaded model models/g104-b20c256.txt.gz
2020-01-07 00:37:44+0000: GTP ready, beginning main protocol loop
2020-01-07 00:37:44+0000: Cuda backend: Found GPU GeForce RTX 2080 memory 8335982592 compute capability major 7 minor 5
2020-01-07 00:37:44+0000: Cuda backend: Model version 5
2020-01-07 00:38:15+0000: Controller: genmove b
2020-01-07 00:38:17+0000: MoveNum: 0 HASH: 7BF12F3F24903F0C225CD6C55BA8BA1F
   A B C D E F G H J K L M N O P Q R S T
19 . . . . . . . . . . . . . . . . . . .
18 . . . . . . . . . . . . . . . . . . .
17 . . . . . . . . . . . . . . . . . . .
16 . . . . . . . . . . . . . . . . . . .
15 . . . . . . . . . . . . . . . . . . .
14 . . . . . . . . . . . . . . . . . . .
13 . . . . . . . . . . . . . . . . . . .
12 . . . . . . . . . . . . . . . . . . .
11 . . . . . . . . . . . . . . . . . . .
10 . . . . . . . . . . . . . . . . . . .
 9 . . . . . . . . . . . . . . . . . . .
 8 . . . . . . . . . . . . . . . . . . .
 7 . . . . . . . . . . . . . . . . . . .
 6 . . . . . . . . . . . . . . . . . . .
 5 . . . . . . . . . . . . . . . . . . .
 4 . . . . . . . . . . . . . . . @ . . .
 3 . . . . . . . . . . . . . . . . . . .
 2 . . . . . . . . . . . . . . . . . . .
 1 . . . . . . . . . . . . . . . . . . .

koPOSITIONALscoreAREAsui1komi7.5
Time taken: 2.3144
Root visits: 1000
NN rows: 424
NN batches: 424
NN avg batch size: 1
PV: Q4 D16 Q16 D4 C3 D3 C4 C6 C5 D5 B6 R17 Q17
Tree:
: T -11.67c W -11.18c S  -0.50c ( -1.4) N    1000  --  Q4 D16 Q16 D4 C3 D3 C4
---Black(^)---
Q4  : T -11.37c W -10.92c S  -0.45c ( -1.3) LCB  -12.25c P 17.13% WF  8.52% PSV     245 N     200  --  Q4 D16 Q16 D4 C3 D3 C4 C6
D4  : T -11.35c W -10.90c S  -0.44c ( -1.3) LCB  -12.27c P 17.88% WF  8.53% PSV     211 N     211  --  D4 Q16 Q4 D16 R17 R16 Q17 O17
D16 : T -11.37c W -10.91c S  -0.45c ( -1.3) LCB  -12.29c P 17.00% WF  8.52% PSV     199 N     199  --  D16 Q4 D4 Q16 R17 Q17 R16 R14
Q16 : T -11.49c W -11.02c S  -0.48c ( -1.4) LCB  -12.42c P 16.66% WF  8.49% PSV     187 N     187  --  Q16 D4 Q4 D16 C3 D3 C4 C6
R16 : T -12.71c W -12.07c S  -0.64c ( -1.6) LCB  -15.37c P  3.47% WF  8.25% PSV      28 N      28  --  R16 D16 D4 Q4 C17 C16
D17 : T -12.25c W -11.66c S  -0.59c ( -1.5) LCB  -14.67c P  3.18% WF  8.33% PSV      28 N      28  --  D17 D4 Q4 Q16 R17 Q17
C16 : T -12.86c W -12.20c S  -0.66c ( -1.6) LCB  -15.23c P  3.41% WF  8.23% PSV      27 N      27  --  C16 Q4 Q16 D4 R3 R4
C4  : T -12.61c W -11.99c S  -0.62c ( -1.6) LCB  -14.88c P  3.19% WF  8.27% PSV      26 N      26  --  C4 Q4 Q16 D16 C17 C16
R4  : T -12.65c W -12.03c S  -0.62c ( -1.6) LCB  -15.91c P  3.17% WF  8.27% PSV      26 N      26  --  R4 D16 D4 Q16 C17 C16
Q17 : T -12.91c W -12.21c S  -0.70c ( -1.7) LCB  -16.02c P  3.08% WF  8.23% PSV      23 N      23  --  Q17 Q4 D4 D16 R3 Q3

2020-01-07 00:38:17+0000: = Q4
2020-01-07 00:38:26+0000: Controller: genmove w
2020-01-07 00:38:29+0000: MoveNum: 1 HASH: 1A75E4D4C11EB68CB1848F0F26FCBDC4
   A B C D E F G H J K L M N O P Q R S T
19 . . . . . . . . . . . . . . . . . . .
18 . . . . . . . . . . . . . . . . . . .
17 . . . . . . . . . . . . . . . . . . .
16 . . . @ . . . . . . . . . . . . . . .
15 . . . . . . . . . . . . . . . . . . .
14 . . . . . . . . . . . . . . . . . . .
13 . . . . . . . . . . . . . . . . . . .
12 . . . . . . . . . . . . . . . . . . .
11 . . . . . . . . . . . . . . . . . . .
10 . . . . . . . . . . . . . . . . . . .
 9 . . . . . . . . . . . . . . . . . . .
 8 . . . . . . . . . . . . . . . . . . .
 7 . . . . . . . . . . . . . . . . . . .
 6 . . . . . . . . . . . . . . . . . . .
 5 . . . . . . . . . . . . . . . . . . .
 4 . . . . . . . . . . . . . . . X . . .
 3 . . . . . . . . . . . . . . . . . . .
 2 . . . . . . . . . . . . . . . . . . .
 1 . . . . . . . . . . . . . . . . . . .

koPOSITIONALscoreAREAsui1komi7.5
Time taken: 2.70433
Root visits: 1000
NN rows: 503
NN batches: 503
NN avg batch size: 1
PV: D16 Q16 D4 C3 D3 C4 C6 C5 D5 B6 R17 Q17 R16 R14 R15 Q15 S14 C17 C16 D17 E16 F18 C2 B2
Tree:
: T  11.32c W  10.94c S   0.38c ( +1.3) N    1000  --  D16 Q16 D4 C3 D3 C4 C6
---White(^)---
D16 : T  11.74c W  11.26c S   0.48c ( +1.4) LCB   11.16c P 41.22% WF 34.06% PSV     497 N     497  --  D16 Q16 D4 C3 D3 C4 C6 C5
D4  : T  10.91c W  10.62c S   0.30c ( +1.1) LCB   10.16c P 26.91% WF 32.98% PSV     252 N     252  --  D4 D16 Q16 R17 R16 Q17 O17 P17
Q16 : T  10.89c W  10.61c S   0.29c ( +1.1) LCB   10.12c P 26.85% WF 32.96% PSV     250 N     250  --  Q16 D16 D4 R17 R16 Q17 O17 P17

2020-01-07 00:38:29+0000: = D16
2020-01-07 00:38:43+0000: Controller: genmove b
2020-01-07 00:38:45+0000: MoveNum: 2 HASH: AD06548802056DA92FD4D2753BF732F6
   A B C D E F G H J K L M N O P Q R S T
19 . . . . . . . . . . . . . . . . . . .
18 . . . . . . . . . . . . . . . . . . .
17 . . . . . . . . . . . . . . . . . . .
16 . . . O . . . . . . . . . . . . . . .
15 . . . . . . . . . . . . . . . . . . .
14 . . . . . . . . . . . . . . . . . . .
13 . . . . . . . . . . . . . . . . . . .
12 . . . . . . . . . . . . . . . . . . .
11 . . . . . . . . . . . . . . . . . . .
10 . . . . . . . . . . . . . . . . . . .
 9 . . . . . . . . . . . . . . . . . . .
 8 . . . . . . . . . . . . . . . . . . .
 7 . . . . . . . . . . . . . . . . . . .
 6 . . . . . . . . . . . . . . . . . . .
 5 . . . . . . . . . . . . . . . . . . .
 4 . . . @ . . . . . . . . . . . X . . .
 3 . . . . . . . . . . . . . . . . . . .
 2 . . . . . . . . . . . . . . . . . . .
 1 . . . . . . . . . . . . . . . . . . .

koPOSITIONALscoreAREAsui1komi7.5
Time taken: 2.35336
Root visits: 1000
NN rows: 439
NN batches: 439
NN avg batch size: 1
PV: Q16 D4 C17 D17 C16 C14 C15 D15 B14 R3 Q3 R4 R6 R5 Q5 S6 C3 C4 D3 E4 F2 C18 B18 B15 D18
Tree:
: T -11.69c W -11.12c S  -0.57c ( -1.4) N    1000  --  Q16 D4 C17 D17 C16 C14 C15
---Black(^)---
Q16 : T -11.47c W -10.93c S  -0.53c ( -1.3) LCB  -12.07c P 40.91% WF 17.18% PSV     463 N     463  --  Q16 D4 C17 D17 C16 C14 C15 D15
D4  : T -11.55c W -11.01c S  -0.55c ( -1.3) LCB  -12.17c P 39.38% WF 17.12% PSV     432 N     432  --  D4 Q16 R17 R16 Q17 O17 P17 P16
C4  : T -13.41c W -12.60c S  -0.81c ( -1.7) LCB  -15.62c P  6.48% WF 16.34% PSV      44 N      44  --  C4 Q16 R17 R16 Q17 O17 P17 P16
Q17 : T -13.09c W -12.30c S  -0.79c ( -1.7) LCB  -15.14c P  6.08% WF 16.46% PSV      44 N      44  --  Q17 D4 C17 D17 C16 C14 C15 D15
R16 : T -13.68c W -12.86c S  -0.82c ( -1.8) LCB  -22.36c P  1.37% WF 16.47% PSV      10 N      10  --  R16 D4 C3 D3 C4
D3  : T -14.13c W -13.18c S  -0.94c ( -1.9) LCB  -33.03c P  1.16% WF 16.43% PSV       6 N       6  --  D3 Q16 C17 D17

2020-01-07 00:38:45+0000: = D4
2020-01-07 00:39:00+0000: Controller: quit
2020-01-07 00:39:00+0000: Quit requested by controller
2020-01-07 00:39:00+0000: = 
2020-01-07 00:39:00+0000: All cleaned up, quitting
2020-01-07 23:32:21+0000: GTP Engine starting...
2020-01-07 23:32:21+0000: KataGo v1.2
2020-01-07 23:32:21+0000: Using 1 CPU thread(s) for search
2020-01-07 23:32:21+0000: nnRandSeed0 = 8815200360694495793
2020-01-07 23:32:21+0000: After dedups: nnModelFile0 = models/g104-b20c256.txt.gz useFP16 false useNHWC false
2020-01-07 23:32:26+0000: Loaded neural net with nnXLen 19 nnYLen 19
2020-01-07 23:32:26+0000: Loaded model models/g104-b20c256.txt.gz
2020-01-07 23:32:26+0000: GTP ready, beginning main protocol loop
2020-01-07 23:32:26+0000: Cuda backend: Found GPU GeForce RTX 2080 memory 8335982592 compute capability major 7 minor 5
2020-01-07 23:32:26+0000: Cuda backend: Model version 5
2020-01-07 23:32:50+0000: Controller: handicap 4
2020-01-07 23:32:50+0000: ? unknown command
2020-01-07 23:33:00+0000: Controller: genmove b
2020-01-07 23:33:01+0000: MoveNum: 0 HASH: 7BF12F3F24903F0C225CD6C55BA8BA1F
   A B C D E F G H J K L M N O P Q R S T
19 . . . . . . . . . . . . . . . . . . .
18 . . . . . . . . . . . . . . . . . . .
17 . . . . . . . . . . . . . . . . . . .
16 . . . . . . . . . . . . . . . . . . .
15 . . . . . . . . . . . . . . . . . . .
14 . . . . . . . . . . . . . . . . . . .
13 . . . . . . . . . . . . . . . . . . .
12 . . . . . . . . . . . . . . . . . . .
11 . . . . . . . . . . . . . . . . . . .
10 . . . . . . . . . . . . . . . . . . .
 9 . . . . . . . . . . . . . . . . . . .
 8 . . . . . . . . . . . . . . . . . . .
 7 . . . . . . . . . . . . . . . . . . .
 6 . . . . . . . . . . . . . . . . . . .
 5 . . . . . . . . . . . . . . . . . . .
 4 . . . . . . . . . . . . . . . @ . . .
 3 . . . . . . . . . . . . . . . . . . .
 2 . . . . . . . . . . . . . . . . . . .
 1 . . . . . . . . . . . . . . . . . . .

koPOSITIONALscoreAREAsui1komi7.5
Time taken: 0.837289
Root visits: 256
NN rows: 149
NN batches: 149
NN avg batch size: 1
PV: Q16 Q4 D4 D16 R3 Q3 R4
Tree:
: T -11.49c W -11.05c S  -0.44c ( -1.3) N     256  --  Q16 Q4 D4 D16 R3 Q3 R4
---Black(^)---
Q16 : T -11.50c W -11.06c S  -0.44c ( -1.3) LCB  -13.19c P 16.66% WF  8.32% PSV      56 N      45  --  Q16 Q4 D4 D16 R3 Q3 R4
D4  : T -11.57c W -11.13c S  -0.44c ( -1.3) LCB  -13.37c P 17.88% WF  8.31% PSV      48 N      48  --  D4 Q16 D16 Q4 R17 Q17 R16 R14
Q4  : T -11.53c W -11.10c S  -0.43c ( -1.3) LCB  -13.45c P 17.13% WF  8.31% PSV      46 N      46  --  Q4 D16 Q16 D4 C17 D17 C16 C14
D16 : T -11.59c W -11.15c S  -0.44c ( -1.3) LCB  -13.39c P 17.00% WF  8.30% PSV      46 N      46  --  D16 Q16 Q4 D4 C3 D3 C4
D17 : T -10.71c W -10.33c S  -0.38c ( -1.2) LCB  -19.61c P  3.18% WF  8.43% PSV      10 N      10  --  D17 Q4 D4 Q16
R16 : T -11.57c W -11.08c S  -0.49c ( -1.4) LCB  -22.63c P  3.47% WF  8.31% PSV       9 N       9  --  R16 D4 D16 Q4
C16 : T -11.23c W -10.82c S  -0.41c ( -1.3) LCB  -20.68c P  3.41% WF  8.36% PSV       9 N       9  --  C16 Q16 Q4
D3  : T -11.45c W -10.98c S  -0.47c ( -1.4) LCB  -20.77c P  3.29% WF  8.33% PSV       9 N       9  --  D3 Q16 D16 Q4
R4  : T -11.36c W -10.86c S  -0.51c ( -1.4) LCB  -20.82c P  3.17% WF  8.34% PSV       9 N       9  --  R4 D16 D4 Q16
C4  : T -11.56c W -11.09c S  -0.47c ( -1.4) LCB  -20.59c P  3.19% WF  8.31% PSV       8 N       8  --  C4 Q4 Q16

2020-01-07 23:33:01+0000: = Q4
2020-01-07 23:33:19+0000: Controller: quit
2020-01-07 23:33:19+0000: Quit requested by controller
2020-01-07 23:33:19+0000: = 
2020-01-07 23:33:19+0000: All cleaned up, quitting
2020-01-07 23:36:45+0000: GTP Engine starting...
2020-01-07 23:36:45+0000: KataGo v1.2
2020-01-07 23:36:45+0000: Using 1 CPU thread(s) for search
2020-01-07 23:36:45+0000: nnRandSeed0 = 10760757583317128179
2020-01-07 23:36:45+0000: After dedups: nnModelFile0 = models/g104-b20c256.txt.gz useFP16 false useNHWC false
2020-01-07 23:36:50+0000: Loaded neural net with nnXLen 19 nnYLen 19
2020-01-07 23:36:50+0000: Loaded model models/g104-b20c256.txt.gz
2020-01-07 23:36:50+0000: GTP ready, beginning main protocol loop
2020-01-07 23:36:50+0000: Cuda backend: Found GPU GeForce RTX 2080 memory 8335982592 compute capability major 7 minor 5
2020-01-07 23:36:50+0000: Cuda backend: Model version 5
2020-01-07 23:36:53+0000: Controller: clear_board
2020-01-07 23:36:53+0000: = 
2020-01-07 23:37:12+0000: Controller: place_free_handicap  d4
2020-01-07 23:37:12+0000: ? Expected one argument for place_free_handicap but got ' d4'
2020-01-07 23:37:28+0000: Controller: place_free_handicap d4
2020-01-07 23:37:28+0000: ? Could not parse number of handicap stones: 'd4'
2020-01-07 23:37:43+0000: Controller: place_free_handicap 4
2020-01-07 23:37:43+0000: = D16 Q16 Q4 D3
2020-01-07 23:38:00+0000: Controller: genmove w
2020-01-07 23:38:01+0000: MoveNum: 0 HASH: 86644CD7BC8F91EDBBCC61528381221A
   A B C D E F G H J K L M N O P Q R S T
19 . . . . . . . . . . . . . . . . . . .
18 . . . . . . . . . . . . . . . . . . .
17 . . . . . . . . . . . . . . . . . . .
16 . . . X . . . . . . . . . . . X . . .
15 . . . . . . . . . . . . . . . . . . .
14 . . . . . . . . . . . . . . . . . . .
13 . . . . . . . . . . . . . . . . . . .
12 . . . . . . . . . . . . . . . . . . .
11 . . . . . . . . . . . . . . . . . . .
10 . . . . . . . . . . . . . . . . . . .
 9 . . . . . . . . . . . . . . . . . . .
 8 . . . . . . . . . . . . . . . . . . .
 7 . . . . . . . . . . . . . . . . . . .
 6 . . . . . . . . . . . . . . . . . . .
 5 . . . @ . . . . . . . . . . . . . . .
 4 . . . . . . . . . . . . . . . X . . .
 3 . . . X . . . . . . . . . . . . . . .
 2 . . . . . . . . . . . . . . . . . . .
 1 . . . . . . . . . . . . . . . . . . .

koPOSITIONALscoreAREAsui1komi11.5
Time taken: 1.36286
Root visits: 256
NN rows: 253
NN batches: 253
NN avg batch size: 1
PV: D5 C5 D4 C4 E3 C3 D6 E2 F3 F2
Tree:
: T -111.61c W -97.56c S -14.06c (-46.1) N     256  --  D5 C5 D4 C4 E3 C3 D6
---White(^)---
D5  : T -110.31c W -97.07c S -13.24c (-44.3) LCB -111.37c P 11.14% WF 17.13% PSV     384 N      47  --  D5 C5 D4 C4 E3 C3 D6 E2
C5  : T -112.12c W -97.68c S -14.44c (-47.1) LCB -112.69c P 25.44% WF 16.40% PSV      75 N      75  --  C5 E4 R17 Q17 R16 Q15
C17 : T -112.07c W -97.72c S -14.35c (-46.7) LCB -112.74c P 18.58% WF 16.43% PSV      55 N      55  --  C17 C16 D17 E17 E18 F18 F17 E16
R3  : T -111.86c W -97.70c S -14.16c (-46.3) LCB -112.53c P 12.37% WF 16.53% PSV      38 N      38  --  R3 Q3 R4 R5 S5 S6 R6 Q5
R17 : T -111.80c W -97.69c S -14.11c (-46.1) LCB -112.59c P  9.70% WF 16.55% PSV      30 N      30  --  R17 Q17 R16 R15 S15 S14 R14 Q15
D4  : T -110.31c W -97.18c S -13.12c (-44.0) LCB -112.53c P  2.33% WF 16.96% PSV      10 N      10  --  D4 C4 E3 C3 D5

2020-01-07 23:38:01+0000: = D5
2020-01-07 23:38:12+0000: Controller: quit
2020-01-07 23:38:12+0000: Quit requested by controller
2020-01-07 23:38:12+0000: = 
2020-01-07 23:38:12+0000: All cleaned up, quitting
2020-01-07 23:39:05+0000: GTP Engine starting...
2020-01-07 23:39:05+0000: KataGo v1.2
2020-01-07 23:39:05+0000: Using 1 CPU thread(s) for search
2020-01-07 23:39:05+0000: nnRandSeed0 = 6725073300460237745
2020-01-07 23:39:05+0000: After dedups: nnModelFile0 = models/g104-b20c256.txt.gz useFP16 false useNHWC false
2020-01-07 23:39:09+0000: Loaded neural net with nnXLen 19 nnYLen 19
2020-01-07 23:39:09+0000: Loaded model models/g104-b20c256.txt.gz
2020-01-07 23:39:09+0000: GTP ready, beginning main protocol loop
2020-01-07 23:39:09+0000: Cuda backend: Found GPU GeForce RTX 2080 memory 8335982592 compute capability major 7 minor 5
2020-01-07 23:39:09+0000: Cuda backend: Model version 5
2020-01-07 23:39:12+0000: Controller: play b q4
2020-01-07 23:39:12+0000: = 
2020-01-07 23:39:25+0000: Controller: play b q4
2020-01-07 23:39:25+0000: ? illegal move
2020-01-07 23:39:36+0000: Controller: play b d4
2020-01-07 23:39:36+0000: = 
2020-01-07 23:39:45+0000: Controller: play b d16
2020-01-07 23:39:45+0000: = 
2020-01-07 23:39:53+0000: Controller: play b q16
2020-01-07 23:39:53+0000: = 
2020-01-07 23:39:57+0000: Controller: genmove w
2020-01-07 23:39:59+0000: MoveNum: 1 HASH: B7F8C756D3C44C031B6A7CDF9164EDA7
   A B C D E F G H J K L M N O P Q R S T
19 . . . . . . . . . . . . . . . . . . .
18 . . . . . . . . . . . . . . . . . . .
17 . . . . . . . . . . . . . . . . . . .
16 . . . X . . . . . . . . . . . X . . .
15 . . . . . . . . . . . . . . . . . . .
14 . . . . . . . . . . . . . . . . . . .
13 . . . . . . . . . . . . . . . . . . .
12 . . . . . . . . . . . . . . . . . . .
11 . . . . . . . . . . . . . . . . . . .
10 . . . . . . . . . . . . . . . . . . .
 9 . . . . . . . . . . . . . . . . . . .
 8 . . . . . . . . . . . . . . . . . . .
 7 . . . . . . . . . . . . . . . . . . .
 6 . . . . . . . . . . . . . . . . . . .
 5 . . . . . . . . . . . . . . . . . . .
 4 . . . X . . . . . . . . . . . X . . .
 3 . . @ . . . . . . . . . . . . . . . .
 2 . . . . . . . . . . . . . . . . . . .
 1 . . . . . . . . . . . . . . . . . . .

koPOSITIONALscoreAREAsui1komi11.5
Time taken: 1.37527
Root visits: 256
NN rows: 254
NN batches: 254
NN avg batch size: 1
PV: C3 C4 D3 E4 F2 C14 R17
Tree:
: T -111.49c W -97.82c S -13.66c (-46.8) N     256  --  C3 C4 D3 E4 F2 C14 R17
---White(^)---
C3  : T -111.43c W -97.82c S -13.61c (-46.7) LCB -112.01c P 19.34% WF 25.04% PSV      98 N      69  --  C3 C4 D3 E4 F2 C14 R17
R17 : T -111.48c W -97.83c S -13.65c (-46.8) LCB -112.08c P 20.33% WF 25.01% PSV      71 N      71  --  R17 R16 Q17 P16 O18 C6 R3 R4
R3  : T -111.51c W -97.81c S -13.70c (-47.0) LCB -112.24c P 18.31% WF 24.99% PSV      64 N      64  --  R3 R4 Q3 P4 O2 O17 C3
C17 : T -111.55c W -97.83c S -13.72c (-46.9) LCB -112.24c P 14.77% WF 24.96% PSV      51 N      51  --  C17 C16 D17 E17 E18 F18 F17 E16

2020-01-07 23:39:59+0000: = C3
2020-01-07 23:41:02+0000: Controller: play b d3
2020-01-07 23:41:02+0000: = 
2020-01-07 23:41:13+0000: Controller: genmove w
2020-01-07 23:41:14+0000: MoveNum: 3 HASH: 27F2D5FEA14609FB1624DB50544F90EB
   A B C D E F G H J K L M N O P Q R S T
19 . . . . . . . . . . . . . . . . . . .
18 . . . . . . . . . . . . . . . . . . .
17 . . . . . . . . . . . . . . . . . . .
16 . . . X . . . . . . . . . . . X1. . .
15 . . . . . . . . . . . . . . . . . . .
14 . . . . . . . . . . . . . . . . . . .
13 . . . . . . . . . . . . . . . . . . .
12 . . . . . . . . . . . . . . . . . . .
11 . . . . . . . . . . . . . . . . . . .
10 . . . . . . . . . . . . . . . . . . .
 9 . . . . . . . . . . . . . . . . . . .
 8 . . . . . . . . . . . . . . . . . . .
 7 . . . . . . . . . . . . . . . . . . .
 6 . . . . . . . . . . . . . . . . . . .
 5 . . . . . . . . . . . . . . . . . . .
 4 . . @ X . . . . . . . . . . . X . . .
 3 . . O2X3. . . . . . . . . . . . . . .
 2 . . . . . . . . . . . . . . . . . . .
 1 . . . . . . . . . . . . . . . . . . .

koPOSITIONALscoreAREAsui1komi11.5
Time taken: 1.20898
Root visits: 256
NN rows: 216
NN batches: 216
NN avg batch size: 1
PV: C4 C6 C5 D5 B6 C14 R17 Q17 R16 Q15
Tree:
: T -110.19c W -97.81c S -12.39c (-47.2) N     256  --  C4 C6 C5 D5 B6 C14 R17
---White(^)---
C4  : T -110.19c W -97.80c S -12.38c (-47.2) LCB -110.61c P 80.52% WF 100.00% PSV     255 N     255  --  C4 C6 C5 D5 B6 C14 R17 Q17

2020-01-07 23:41:14+0000: = C4
2020-01-07 23:41:49+0000: Controller: play b d5
2020-01-07 23:41:49+0000: = 
2020-01-07 23:41:53+0000: Controller: genmove w
2020-01-07 23:41:54+0000: MoveNum: 5 HASH: FB98DA3A8DF4917A26CBF4B61195F7E0
   A B C D E F G H J K L M N O P Q R S T
19 . . . . . . . . . . . . . . . . . . .
18 . . . . . . . . . . . . . . . . . . .
17 . . . . . . . . . . . . . . . . . . .
16 . . . X . . . . . . . . . . . X . . .
15 . . . . . . . . . . . . . . . . . . .
14 . . . . . . . . . . . . . . . . . . .
13 . . . . . . . . . . . . . . . . . . .
12 . . . . . . . . . . . . . . . . . . .
11 . . . . . . . . . . . . . . . . . . .
10 . . . . . . . . . . . . . . . . . . .
 9 . . . . . . . . . . . . . . . . . . .
 8 . . . . . . . . . . . . . . . . . . .
 7 . . . . . . . . . . . . . . . . . . .
 6 . @ . . . . . . . . . . . . . . . . .
 5 . . . X3. . . . . . . . . . . . . . .
 4 . . O2X . . . . . . . . . . . X . . .
 3 . . O X1. . . . . . . . . . . . . . .
 2 . . . . . . . . . . . . . . . . . . .
 1 . . . . . . . . . . . . . . . . . . .

koPOSITIONALscoreAREAsui1komi11.5
Time taken: 1.1192
Root visits: 256
NN rows: 199
NN batches: 199
NN avg batch size: 1
PV: B6 C14 R3 R4 Q3 O3 P3
Tree:
: T -111.16c W -97.92c S -13.25c (-46.9) N     256  --  B6 C14 R3 R4 Q3 O3 P3
---White(^)---
B6  : T -111.20c W -97.96c S -13.24c (-46.9) LCB -111.65c P 66.59% WF 33.33% PSV     186 N     186  --  B6 C14 R3 R4 Q3 O3 P3
C5  : T -110.96c W -97.78c S -13.18c (-46.7) LCB -111.83c P 19.67% WF 33.53% PSV      57 N      57  --  C5 C7 R17 C6 D2 E2
C6  : T -111.56c W -97.81c S -13.75c (-48.1) LCB -116.63c P  4.85% WF 33.14% PSV      12 N      12  --  C6 C5 B5 B4 B3 B6

2020-01-07 23:41:54+0000: = B6
2020-01-07 23:43:55+0000: Controller: play b o3
2020-01-07 23:43:55+0000: = 
2020-01-07 23:44:01+0000: Controller: genmove w
2020-01-07 23:44:02+0000: MoveNum: 7 HASH: D534163C39DB637E7625E6AF9A12597B
   A B C D E F G H J K L M N O P Q R S T
19 . . . . . . . . . . . . . . . . . . .
18 . . . . . . . . . . . . . . . . . . .
17 . . . . . . . . . . . . . . . . @ . .
16 . . . X . . . . . . . . . . . X . . .
15 . . . . . . . . . . . . . . . . . . .
14 . . . . . . . . . . . . . . . . . . .
13 . . . . . . . . . . . . . . . . . . .
12 . . . . . . . . . . . . . . . . . . .
11 . . . . . . . . . . . . . . . . . . .
10 . . . . . . . . . . . . . . . . . . .
 9 . . . . . . . . . . . . . . . . . . .
 8 . . . . . . . . . . . . . . . . . . .
 7 . . . . . . . . . . . . . . . . . . .
 6 . O2. . . . . . . . . . . . . . . . .
 5 . . . X1. . . . . . . . . . . . . . .
 4 . . O X . . . . . . . . . . . X . . .
 3 . . O X . . . . . . . . . X3. . . . .
 2 . . . . . . . . . . . . . . . . . . .
 1 . . . . . . . . . . . . . . . . . . .

koPOSITIONALscoreAREAsui1komi11.5
Time taken: 1.14957
Root visits: 256
NN rows: 204
NN batches: 204
NN avg batch size: 1
PV: R17 R16 Q17 P17 P18 O18 O17 P16 N18 Q18 O19 R18 S17 S18 F17 N15 C14
Tree:
: T -110.44c W -97.97c S -12.46c (-46.2) N     256  --  R17 R16 Q17 P17 P18 O18 O17
---White(^)---
R17 : T -110.25c W -97.94c S -12.31c (-45.9) LCB -110.87c P 41.15% WF 33.68% PSV     155 N     155  --  R17 R16 Q17 P17 P18 O18 O17 P16
C17 : T -110.71c W -98.02c S -12.68c (-46.7) LCB -111.47c P 28.26% WF 33.22% PSV      97 N      97  --  C17 D17 C16 D15 C15 C14 B14
C7  : T -111.41c W -98.18c S -13.23c (-47.5) LCB -150.40c P  1.31% WF 33.09% PSV       3 N       3  --  C7 H4 R17

2020-01-07 23:44:02+0000: = R17
2020-01-07 23:47:22+0000: Controller: quit
2020-01-07 23:47:22+0000: Quit requested by controller
2020-01-07 23:47:22+0000: = 
2020-01-07 23:47:23+0000: All cleaned up, quitting
2020-01-07 23:48:44+0000: GTP Engine starting...
2020-01-07 23:48:44+0000: KataGo v1.2
2020-01-07 23:48:44+0000: Using 1 CPU thread(s) for search
2020-01-07 23:48:44+0000: nnRandSeed0 = 13804224276887854727
2020-01-07 23:48:44+0000: After dedups: nnModelFile0 = models/g104-b20c256.txt.gz useFP16 false useNHWC false
2020-01-07 23:48:49+0000: Loaded neural net with nnXLen 19 nnYLen 19
2020-01-07 23:48:49+0000: Loaded model models/g104-b20c256.txt.gz
2020-01-07 23:48:49+0000: GTP ready, beginning main protocol loop
2020-01-07 23:48:49+0000: Cuda backend: Found GPU GeForce RTX 2080 memory 8335982592 compute capability major 7 minor 5
2020-01-07 23:48:49+0000: Cuda backend: Model version 5
2020-01-07 23:48:58+0000: Controller: clear_board
2020-01-07 23:48:58+0000: = 
2020-01-07 23:49:03+0000: Controller: new_game
2020-01-07 23:49:03+0000: ? unknown command
2020-01-07 23:49:10+0000: Controller: komi 0.5
2020-01-07 23:49:10+0000: = 
2020-01-07 23:49:27+0000: Controller: quit
2020-01-07 23:49:27+0000: Quit requested by controller
2020-01-07 23:49:27+0000: = 
2020-01-07 23:49:27+0000: All cleaned up, quitting
2020-01-08 01:17:45+0000: GTP Engine starting...
2020-01-08 01:17:45+0000: KataGo v1.2
2020-01-08 01:17:45+0000: Using 1 CPU thread(s) for search
2020-01-08 01:17:45+0000: nnRandSeed0 = 469297572899831017
2020-01-08 01:17:45+0000: After dedups: nnModelFile0 = models/g104-b20c256.txt.gz useFP16 false useNHWC false
2020-01-08 01:17:49+0000: Loaded neural net with nnXLen 19 nnYLen 19
2020-01-08 01:17:49+0000: Loaded model models/g104-b20c256.txt.gz
2020-01-08 01:17:49+0000: GTP ready, beginning main protocol loop
2020-01-08 01:17:49+0000: Cuda backend: Found GPU GeForce RTX 2080 memory 8335982592 compute capability major 7 minor 5
2020-01-08 01:17:49+0000: Cuda backend: Model version 5
2020-01-08 01:17:56+0000: Controller: play b q4
2020-01-08 01:17:56+0000: = 
2020-01-08 01:18:01+0000: Controller: genmove w
2020-01-08 01:18:02+0000: MoveNum: 1 HASH: 1A75E4D4C11EB68CB1848F0F26FCBDC4
   A B C D E F G H J K L M N O P Q R S T
19 . . . . . . . . . . . . . . . . . . .
18 . . . . . . . . . . . . . . . . . . .
17 . . . . . . . . . . . . . . . . . . .
16 . . . @ . . . . . . . . . . . . . . .
15 . . . . . . . . . . . . . . . . . . .
14 . . . . . . . . . . . . . . . . . . .
13 . . . . . . . . . . . . . . . . . . .
12 . . . . . . . . . . . . . . . . . . .
11 . . . . . . . . . . . . . . . . . . .
10 . . . . . . . . . . . . . . . . . . .
 9 . . . . . . . . . . . . . . . . . . .
 8 . . . . . . . . . . . . . . . . . . .
 7 . . . . . . . . . . . . . . . . . . .
 6 . . . . . . . . . . . . . . . . . . .
 5 . . . . . . . . . . . . . . . . . . .
 4 . . . . . . . . . . . . . . . X . . .
 3 . . . . . . . . . . . . . . . . . . .
 2 . . . . . . . . . . . . . . . . . . .
 1 . . . . . . . . . . . . . . . . . . .

koPOSITIONALscoreAREAsui1komi7.5
Time taken: 0.948403
Root visits: 256
NN rows: 177
NN batches: 177
NN avg batch size: 1
PV: D16 Q16 D4 C17 D17 C16 C14 C15 D15 B14 R17 Q17 R16
Tree:
: T  11.19c W  10.86c S   0.33c ( +1.3) N     256  --  D16 Q16 D4 C17 D17 C16 C14
---White(^)---
D16 : T  11.75c W  11.30c S   0.45c ( +1.5) LCB   10.59c P 39.29% WF 33.98% PSV     116 N     116  --  D16 Q16 D4 C17 D17 C16 C14 C15
Q16 : T  10.74c W  10.51c S   0.23c ( +1.1) LCB    9.01c P 28.55% WF 33.03% PSV      72 N      72  --  Q16 D16 D4 C3 D3 C4 C6 C5
D4  : T  10.68c W  10.43c S   0.24c ( +1.1) LCB    8.95c P 26.93% WF 32.99% PSV      67 N      67  --  D4 D16 Q16 C3 D3 C4 C6 C5

2020-01-08 01:18:02+0000: = D16
2020-01-08 01:18:21+0000: Controller: play b q16
2020-01-08 01:18:21+0000: = 
2020-01-08 01:18:25+0000: Controller: genmove w
2020-01-08 01:18:26+0000: MoveNum: 3 HASH: F539B41965DED9EA6162D035CECCF680
   A B C D E F G H J K L M N O P Q R S T
19 . . . . . . . . . . . . . . . . . . .
18 . . . . . . . . . . . . . . . . . . .
17 . . . . . . . . . . . . . . . . . . .
16 . . . O2. . . . . . . . . . . X3. . .
15 . . . . . . . . . . . . . . . . . . .
14 . . . . . . . . . . . . . . . . . . .
13 . . . . . . . . . . . . . . . . . . .
12 . . . . . . . . . . . . . . . . . . .
11 . . . . . . . . . . . . . . . . . . .
10 . . . . . . . . . . . . . . . . . . .
 9 . . . . . . . . . . . . . . . . . . .
 8 . . . . . . . . . . . . . . . . . . .
 7 . . . . . . . . . . . . . . . . . . .
 6 . . . . . . . . . . . . . . . . . . .
 5 . . . . . . . . . . . . . . . . . . .
 4 . . . @ . . . . . . . . . . . X1. . .
 3 . . . . . . . . . . . . . . . . . . .
 2 . . . . . . . . . . . . . . . . . . .
 1 . . . . . . . . . . . . . . . . . . .

koPOSITIONALscoreAREAsui1komi7.5
Time taken: 1.06146
Root visits: 256
NN rows: 190
NN batches: 190
NN avg batch size: 1
PV: D4 C3 D3 C4 C6 C5 D5 B6 R17 Q17 R16 R14 R15 Q15 S14 C17 C16 D17 E16 F18 C2 B2 B5
Tree:
: T  11.81c W  11.25c S   0.56c ( +1.4) N     256  --  D4 C3 D3 C4 C6 C5 D5
---White(^)---
D4  : T  11.81c W  11.25c S   0.56c ( +1.4) LCB   11.03c P 96.23% WF 100.00% PSV     255 N     255  --  D4 C3 D3 C4 C6 C5 D5 B6

2020-01-08 01:18:26+0000: = D4
2020-01-08 01:18:54+0000: Controller: pla b q10
2020-01-08 01:18:54+0000: ? unknown command
2020-01-08 01:18:58+0000: Controller: genmove w
2020-01-08 01:18:59+0000: MoveNum: 0 HASH: AC930F9D9B94004A62BA03F285596143
   A B C D E F G H J K L M N O P Q R S T
19 . . . . . . . . . . . . . . . . . . .
18 . . . . . . . . . . . . . . . . . . .
17 . . . . . . . . . . . . . . . . . . .
16 . . . O . . . . . . . . . . . X . . .
15 . . . . . . . . . . . . . . . . . . .
14 . . . . . . . . . . . . . . . . . . .
13 . . . . . . . . . . . . . . . . . . .
12 . . . . . . . . . . . . . . . . . . .
11 . . . . . . . . . . . . . . . . . . .
10 . . . . . . . . . . . . . . . . . . .
 9 . . . . . . . . . . . . . . . . . . .
 8 . . . . . . . . . . . . . . . . . . .
 7 . . . . . . . . . . . . . . . . . . .
 6 . . . . . . . . . . . . . . . . . . .
 5 . . . . . . . . . . . . . . . . . . .
 4 . . . O . . . . . . . . . . . X . . .
 3 . . . . . . . . . . . . . . . . @ . .
 2 . . . . . . . . . . . . . . . . . . .
 1 . . . . . . . . . . . . . . . . . . .

koPOSITIONALscoreAREAsui1komi7.5
Time taken: 1.39951
Root visits: 256
NN rows: 255
NN batches: 255
NN avg batch size: 1
PV: R17 Q17 R16 R14 R15 Q15 S14 C3 D3 C4 C5 B5 B6 C6 D5 B7 B4 A6 B3 C2 B2 R18 R13 Q14
Tree:
: T  93.13c W  86.78c S   6.35c (+20.6) N     256  --  R17 Q17 R16 R14 R15 Q15 S14
---White(^)---
R17 : T  93.13c W  86.77c S   6.36c (+20.6) LCB   92.07c P 41.40% WF 24.89% PSV     142 N     113  --  R17 Q17 R16 R14 R15 Q15 S14 C3
R3  : T  93.01c W  86.72c S   6.29c (+20.5) LCB   91.96c P 45.17% WF 24.81% PSV     122 N     122  --  R3 Q3 R4 R6 R5 Q5 S6 C17
F3  : T  93.88c W  87.24c S   6.64c (+21.1) LCB   90.80c P  4.48% WF 25.21% PSV      13 N      13  --  F3 C17 D17 C16 C15 B15 B14 C14
F17 : T  93.66c W  87.00c S   6.65c (+21.1) LCB   82.07c P  2.48% WF 25.09% PSV       7 N       7  --  F17 C3 D3 C4 C5 B5 B6

2020-01-08 01:18:59+0000: = R3
2020-01-08 01:19:39+0000: Controller: play b q3
2020-01-08 01:19:39+0000: = 
2020-01-08 01:19:42+0000: Controller: genmove w
2020-01-08 01:19:43+0000: MoveNum: 2 HASH: 0636BCAC4338D5CB85DAFFDE7DEC99E6
   A B C D E F G H J K L M N O P Q R S T
19 . . . . . . . . . . . . . . . . . . .
18 . . . . . . . . . . . . . . . . . . .
17 . . . . . . . . . . . . . . . . . . .
16 . . . O . . . . . . . . . . . X . . .
15 . . . . . . . . . . . . . . . . . . .
14 . . . . . . . . . . . . . . . . . . .
13 . . . . . . . . . . . . . . . . . . .
12 . . . . . . . . . . . . . . . . . . .
11 . . . . . . . . . . . . . . . . . . .
10 . . . . . . . . . . . . . . . . . . .
 9 . . . . . . . . . . . . . . . . . . .
 8 . . . . . . . . . . . . . . . . . . .
 7 . . . . . . . . . . . . . . . . . . .
 6 . . . . . . . . . . . . . . . . . . .
 5 . . . . . . . . . . . . . . . . . . .
 4 . . . O . . . . . . . . . . . X @ . .
 3 . . . . . . . . . . . . . . . X O . .
 2 . . . . . . . . . . . . . . . . . . .
 1 . . . . . . . . . . . . . . . . . . .

koPOSITIONALscoreAREAsui1komi7.5
Time taken: 0.813055
Root visits: 256
NN rows: 137
NN batches: 137
NN avg batch size: 1
PV: R4 R6 R5 Q5 S6 C17 C16 D17 E16 F18 R17 R16 Q17 O17 P17
Tree:
: T  92.65c W  86.46c S   6.19c (+20.2) N     256  --  R4 R6 R5 Q5 S6 C17 C16
---White(^)---
R4  : T  92.64c W  86.45c S   6.19c (+20.2) LCB   91.90c P 96.75% WF 100.00% PSV     255 N     255  --  R4 R6 R5 Q5 S6 C17 C16 D17

2020-01-08 01:19:43+0000: = R4
2020-01-08 01:19:59+0000: Controller: play b q5
2020-01-08 01:19:59+0000: = 
2020-01-08 01:20:02+0000: Controller: genmove w
2020-01-08 01:20:03+0000: MoveNum: 4 HASH: 14B72E7C7D298DCAC1E05F0B4366B687
   A B C D E F G H J K L M N O P Q R S T
19 . . . . . . . . . . . . . . . . . . .
18 . . . . . . . . . . . . . . . . . . .
17 . . . . . . . . . . . . . . . . . . .
16 . . . O . . . . . . . . . . . X . . .
15 . . . . . . . . . . . . . . . . . . .
14 . . . . . . . . . . . . . . . . . . .
13 . . . . . . . . . . . . . . . . . . .
12 . . . . . . . . . . . . . . . . . . .
11 . . . . . . . . . . . . . . . . . . .
10 . . . . . . . . . . . . . . . . . . .
 9 . . . . . . . . . . . . . . . . . . .
 8 . . . . . . . . . . . . . . . . . . .
 7 . . . . . . . . . . . . . . . . . . .
 6 . . . . . . . . . . . . . . . . . @ .
 5 . . . . . . . . . . . . . . . X3. . .
 4 . . . O . . . . . . . . . . . X O2. .
 3 . . . . . . . . . . . . . . . X1O . .
 2 . . . . . . . . . . . . . . . . . . .
 1 . . . . . . . . . . . . . . . . . . .

koPOSITIONALscoreAREAsui1komi7.5
Time taken: 1.16368
Root visits: 256
NN rows: 207
NN batches: 207
NN avg batch size: 1
PV: S6 C17 D17 C16 C15 B15 B14 C14 D15 B13 B16 A14 B17 C18 B18 R2 S2 S5 Q2 R5 P2 O3
Tree:
: T  93.34c W  86.67c S   6.67c (+20.4) N     256  --  S6 C17 D17 C16 C15 B15 B14
---White(^)---
S6  : T  93.38c W  86.75c S   6.63c (+20.3) LCB   92.69c P 65.51% WF 50.10% PSV     173 N     173  --  S6 C17 D17 C16 C15 B15 B14 C14
R5  : T  93.25c W  86.49c S   6.76c (+20.6) LCB   91.78c P 31.79% WF 49.90% PSV      82 N      82  --  R5 R6 S6 C17 D17 C16 C15 B15

2020-01-08 01:20:03+0000: = S6
2020-01-08 01:22:14+0000: Controller: clear_board
2020-01-08 01:22:14+0000: = 
2020-01-08 01:22:23+0000: Controller: komi 0.5
2020-01-08 01:22:23+0000: = 
2020-01-08 01:22:32+0000: Controller: play b q4
2020-01-08 01:22:32+0000: = 
2020-01-08 01:22:40+0000: Controller: play b q16
2020-01-08 01:22:40+0000: = 
2020-01-08 01:22:45+0000: Controller: play b d4
2020-01-08 01:22:45+0000: = 
2020-01-08 01:22:49+0000: Controller: play b d16
2020-01-08 01:22:49+0000: = 
2020-01-08 01:22:52+0000: Controller: genmove w
2020-01-08 01:22:53+0000: MoveNum: 1 HASH: B7F8C756D3C44C031B6A7CDF9164EDA7
   A B C D E F G H J K L M N O P Q R S T
19 . . . . . . . . . . . . . . . . . . .
18 . . . . . . . . . . . . . . . . . . .
17 . . . . . . . . . . . . . . . . . . .
16 . . . X . . . . . . . . . . . X . . .
15 . . . . . . . . . . . . . . . . . . .
14 . . . . . . . . . . . . . . . . . . .
13 . . . . . . . . . . . . . . . . . . .
12 . . . . . . . . . . . . . . . . . . .
11 . . . . . . . . . . . . . . . . . . .
10 . . . . . . . . . . . . . . . . . . .
 9 . . . . . . . . . . . . . . . . . . .
 8 . . . . . . . . . . . . . . . . . . .
 7 . . . . . . . . . . . . . . . . . . .
 6 . . . . . . . . . . . . . . . . . . .
 5 . . . . . . . . . . . . . . . . . . .
 4 . . . X . . . . . . . . . . . X . . .
 3 . . @ . . . . . . . . . . . . . . . .
 2 . . . . . . . . . . . . . . . . . . .
 1 . . . . . . . . . . . . . . . . . . .

koPOSITIONALscoreAREAsui1komi4.5
Time taken: 1.36443
Root visits: 256
NN rows: 248
NN batches: 248
NN avg batch size: 1
PV: C17 D17 C16 D15 B14 R14 R3
Tree:
: T -112.96c W -98.40c S -14.56c (-54.9) N     256  --  C17 D17 C16 D15 B14 R14 R3
---White(^)---
C17 : T -113.02c W -98.43c S -14.59c (-54.9) LCB -113.76c P 13.85% WF 14.22% PSV      76 N      54  --  C17 D17 C16 D15 B14 R14 R3
C3  : T -113.00c W -98.41c S -14.59c (-55.0) LCB -113.77c P 17.17% WF 14.23% PSV      68 N      68  --  C3 D3 C4 D5 B6 O3 R17 R16
R17 : T -112.95c W -98.42c S -14.53c (-54.8) LCB -113.80c P 14.23% WF 14.25% PSV      56 N      56  --  R17 R16 Q17 P16 O18 R6 C3 C4
R3  : T -113.11c W -98.43c S -14.68c (-55.2) LCB -114.03c P 13.29% WF 14.20% PSV      51 N      51  --  R3 R4 Q3 P3 P2 O2 O3 P4
F3  : T -112.66c W -98.29c S -14.38c (-54.7) LCB -115.52c P  3.00% WF 14.32% PSV      12 N      12  --  F3 C6 R3 Q3
O3  : T -112.30c W -98.22c S -14.09c (-54.1) LCB -116.66c P  2.09% WF 14.39% PSV       9 N       9  --  O3 R6 C17 C16
R6  : T -112.19c W -98.23c S -13.96c (-53.5) LCB -125.95c P  1.21% WF 14.39% PSV       5 N       5  --  R6 O3 R17 R16

2020-01-08 01:22:53+0000: = C3
2020-01-08 01:23:26+0000: Controller: kata-analyze
2020-01-08 01:23:26+0000: = 
2020-01-08 01:23:41+0000: Controller: kata-analyze ownership true
2020-01-08 01:23:41+0000: = 
2020-01-08 01:23:52+0000: Controller: quit
2020-01-08 01:23:52+0000: Quit requested by controller
2020-01-08 01:23:52+0000: = 
2020-01-08 01:23:52+0000: All cleaned up, quitting
2020-01-08 01:34:40+0000: GTP Engine starting...
2020-01-08 01:34:40+0000: KataGo v1.2
2020-01-08 01:34:40+0000: Using 1 CPU thread(s) for search
2020-01-08 01:34:40+0000: nnRandSeed0 = 15531629836753694591
2020-01-08 01:34:40+0000: After dedups: nnModelFile0 = models/g104-b20c256.txt.gz useFP16 false useNHWC false
2020-01-08 01:34:44+0000: Loaded neural net with nnXLen 19 nnYLen 19
2020-01-08 01:34:44+0000: Loaded model models/g104-b20c256.txt.gz
2020-01-08 01:34:44+0000: GTP ready, beginning main protocol loop
2020-01-08 01:34:44+0000: Cuda backend: Found GPU GeForce RTX 2080 memory 8335982592 compute capability major 7 minor 5
2020-01-08 01:34:44+0000: Cuda backend: Model version 5
2020-01-08 01:34:51+0000: Controller: genmove b
2020-01-08 01:34:52+0000: MoveNum: 0 HASH: 7BF12F3F24903F0C225CD6C55BA8BA1F
   A B C D E F G H J K L M N O P Q R S T
19 . . . . . . . . . . . . . . . . . . .
18 . . . . . . . . . . . . . . . . . . .
17 . . . . . . . . . . . . . . . . . . .
16 . . . . . . . . . . . . . . . . . . .
15 . . . . . . . . . . . . . . . . . . .
14 . . . . . . . . . . . . . . . . . . .
13 . . . . . . . . . . . . . . . . . . .
12 . . . . . . . . . . . . . . . . . . .
11 . . . . . . . . . . . . . . . . . . .
10 . . . . . . . . . . . . . . . . . . .
 9 . . . . . . . . . . . . . . . . . . .
 8 . . . . . . . . . . . . . . . . . . .
 7 . . . . . . . . . . . . . . . . . . .
 6 . . . . . . . . . . . . . . . . . . .
 5 . . . . . . . . . . . . . . . . . . .
 4 . . . @ . . . . . . . . . . . . . . .
 3 . . . . . . . . . . . . . . . . . . .
 2 . . . . . . . . . . . . . . . . . . .
 1 . . . . . . . . . . . . . . . . . . .

koPOSITIONALscoreAREAsui1komi7.5
Time taken: 0.78297
Root visits: 256
NN rows: 146
NN batches: 146
NN avg batch size: 1
PV: D16 Q16 Q4 D4 R17 R16 Q17
Tree:
: T -11.34c W -10.92c S  -0.43c ( -1.3) N     256  --  D16 Q16 Q4 D4 R17 R16 Q17
---Black(^)---
D16 : T -11.23c W -10.81c S  -0.42c ( -1.3) LCB  -13.04c P 17.13% WF  8.35% PSV      62 N      47  --  D16 Q16 Q4 D4 R17 R16 Q17
Q16 : T -11.35c W -10.92c S  -0.43c ( -1.3) LCB  -13.37c P 17.88% WF  8.33% PSV      49 N      49  --  Q16 Q4 D4 D16 R3 Q3 R4
Q4  : T -11.42c W -11.01c S  -0.42c ( -1.3) LCB  -13.26c P 17.00% WF  8.32% PSV      46 N      46  --  Q4 Q16 D16 D4 R17 R16 Q17
D4  : T -11.41c W -10.98c S  -0.43c ( -1.3) LCB  -13.26c P 16.66% WF  8.32% PSV      45 N      45  --  D4 Q16 Q4 D16 C17 C16 D17 F17
C4  : T -10.94c W -10.56c S  -0.37c ( -1.2) LCB  -17.74c P  3.47% WF  8.39% PSV      10 N      10  --  C4 Q4 Q16 D16
R4  : T -11.84c W -11.31c S  -0.53c ( -1.4) LCB  -22.41c P  3.41% WF  8.27% PSV       9 N       9  --  R4 D4 D16 Q16
R16 : T -10.99c W -10.59c S  -0.40c ( -1.2) LCB  -20.33c P  3.19% WF  8.38% PSV       9 N       9  --  R16 D4 D16
Q17 : T -11.45c W -11.00c S  -0.45c ( -1.3) LCB  -24.35c P  3.29% WF  8.32% PSV       8 N       8  --  Q17 Q4 D4
Q3  : T -11.22c W -10.76c S  -0.47c ( -1.3) LCB  -22.12c P  3.18% WF  8.35% PSV       8 N       8  --  Q3 Q16 D16 D4
C16 : T -11.30c W -10.91c S  -0.39c ( -1.2) LCB  -19.71c P  3.17% WF  8.34% PSV       8 N       8  --  C16 Q16 Q4

2020-01-08 01:34:52+0000: = D4
2020-01-08 01:34:56+0000: Controller: genmove w
2020-01-08 01:34:57+0000: MoveNum: 1 HASH: 933D44F000A82337680EF3AD651971AA
   A B C D E F G H J K L M N O P Q R S T
19 . . . . . . . . . . . . . . . . . . .
18 . . . . . . . . . . . . . . . . . . .
17 . . . . . . . . . . . . . . . . . . .
16 . . . . . . . . . . . . . . . @ . . .
15 . . . . . . . . . . . . . . . . . . .
14 . . . . . . . . . . . . . . . . . . .
13 . . . . . . . . . . . . . . . . . . .
12 . . . . . . . . . . . . . . . . . . .
11 . . . . . . . . . . . . . . . . . . .
10 . . . . . . . . . . . . . . . . . . .
 9 . . . . . . . . . . . . . . . . . . .
 8 . . . . . . . . . . . . . . . . . . .
 7 . . . . . . . . . . . . . . . . . . .
 6 . . . . . . . . . . . . . . . . . . .
 5 . . . . . . . . . . . . . . . . . . .
 4 . . . X . . . . . . . . . . . . . . .
 3 . . . . . . . . . . . . . . . . . . .
 2 . . . . . . . . . . . . . . . . . . .
 1 . . . . . . . . . . . . . . . . . . .

koPOSITIONALscoreAREAsui1komi7.5
Time taken: 0.745453
Root visits: 256
NN rows: 134
NN batches: 134
NN avg batch size: 1
PV: Q16 D16 Q4 R17 Q17 R16 R14 R15 Q15 S14 C17 D17 C16
Tree:
: T  11.03c W  10.66c S   0.37c ( +1.3) N     256  --  Q16 D16 Q4 R17 Q17 R16 R14
---White(^)---
Q16 : T  11.43c W  10.99c S   0.44c ( +1.4) LCB   10.18c P 38.38% WF 33.77% PSV     110 N     110  --  Q16 D16 Q4 R17 Q17 R16 R14 R15
Q4  : T  10.74c W  10.42c S   0.32c ( +1.2) LCB    9.14c P 29.18% WF 33.13% PSV      75 N      75  --  Q4 Q16 D16 C17 D17 C16 C14 C15
D16 : T  10.69c W  10.38c S   0.31c ( +1.2) LCB    9.04c P 27.31% WF 33.09% PSV      70 N      70  --  D16 Q16 Q4 C17 D17 C16 C14 C15

2020-01-08 01:34:57+0000: = Q16
2020-01-08 01:35:01+0000: Controller: genmove b
2020-01-08 01:35:01+0000: MoveNum: 2 HASH: 521EBE9FDC2D14EB1C44C7D8965347E5
   A B C D E F G H J K L M N O P Q R S T
19 . . . . . . . . . . . . . . . . . . .
18 . . . . . . . . . . . . . . . . . . .
17 . . . . . . . . . . . . . . . . . . .
16 . . . @ . . . . . . . . . . . O . . .
15 . . . . . . . . . . . . . . . . . . .
14 . . . . . . . . . . . . . . . . . . .
13 . . . . . . . . . . . . . . . . . . .
12 . . . . . . . . . . . . . . . . . . .
11 . . . . . . . . . . . . . . . . . . .
10 . . . . . . . . . . . . . . . . . . .
 9 . . . . . . . . . . . . . . . . . . .
 8 . . . . . . . . . . . . . . . . . . .
 7 . . . . . . . . . . . . . . . . . . .
 6 . . . . . . . . . . . . . . . . . . .
 5 . . . . . . . . . . . . . . . . . . .
 4 . . . X . . . . . . . . . . . . . . .
 3 . . . . . . . . . . . . . . . . . . .
 2 . . . . . . . . . . . . . . . . . . .
 1 . . . . . . . . . . . . . . . . . . .

koPOSITIONALscoreAREAsui1komi7.5
Time taken: 0.780132
Root visits: 256
NN rows: 142
NN batches: 142
NN avg batch size: 1
PV: D16 Q4 R17 Q17 R16 R14 R15 Q15 S14 C3 D3 C4 C6 C5 D5 B6 R3 R4 Q3 P4
Tree:
: T -11.43c W -10.90c S  -0.54c ( -1.3) N     256  --  D16 Q4 R17 Q17 R16 R14 R15
---Black(^)---
D16 : T -11.20c W -10.69c S  -0.51c ( -1.3) LCB  -12.48c P 39.38% WF 25.37% PSV     130 N     113  --  D16 Q4 R17 Q17 R16 R14 R15 Q15
Q4  : T -11.44c W -10.91c S  -0.53c ( -1.3) LCB  -12.59c P 40.91% WF 25.19% PSV     113 N     113  --  Q4 D16 R17 R16 Q17 O17 P17 P16
D17 : T -12.03c W -11.37c S  -0.65c ( -1.5) LCB  -14.88c P  6.48% WF 24.92% PSV      16 N      16  --  D17 Q4 R17 Q17 R16 R14 R15
R4  : T -12.96c W -12.21c S  -0.75c ( -1.6) LCB  -17.99c P  6.08% WF 24.53% PSV      13 N      13  --  R4 D16 C17 C16 D17 F17 E17

2020-01-08 01:35:01+0000: = D16
2020-01-08 01:35:05+0000: Controller: genmove w
2020-01-08 01:35:06+0000: MoveNum: 3 HASH: 4F6016438D14461CB24E1320EA411845
   A B C D E F G H J K L M N O P Q R S T
19 . . . . . . . . . . . . . . . . . . .
18 . . . . . . . . . . . . . . . . . . .
17 . . . . . . . . . . . . . . . . . . .
16 . . . X3. . . . . . . . . . . O2. . .
15 . . . . . . . . . . . . . . . . . . .
14 . . . . . . . . . . . . . . . . . . .
13 . . . . . . . . . . . . . . . . . . .
12 . . . . . . . . . . . . . . . . . . .
11 . . . . . . . . . . . . . . . . . . .
10 . . . . . . . . . . . . . . . . . . .
 9 . . . . . . . . . . . . . . . . . . .
 8 . . . . . . . . . . . . . . . . . . .
 7 . . . . . . . . . . . . . . . . . . .
 6 . . . . . . . . . . . . . . . . . . .
 5 . . . . . . . . . . . . . . . . . . .
 4 . . . X1. . . . . . . . . . . @ . . .
 3 . . . . . . . . . . . . . . . . . . .
 2 . . . . . . . . . . . . . . . . . . .
 1 . . . . . . . . . . . . . . . . . . .

koPOSITIONALscoreAREAsui1komi7.5
Time taken: 0.708764
Root visits: 256
NN rows: 125
NN batches: 125
NN avg batch size: 1
PV: Q4 R17 Q17 R16 R14 R15 Q15 S14 C3 D3 C4 C6 C5 D5 B6 R3 R4 Q3 P4 O2 R18 S18 S15
Tree:
: T  11.30c W  10.76c S   0.54c ( +1.3) N     256  --  Q4 R17 Q17 R16 R14 R15 Q15
---White(^)---
Q4  : T  11.30c W  10.75c S   0.54c ( +1.3) LCB   10.48c P 95.99% WF 100.00% PSV     255 N     255  --  Q4 R17 Q17 R16 R14 R15 Q15 S14

2020-01-08 01:35:06+0000: = Q4
2020-01-08 01:35:10+0000: Controller: genmove b
2020-01-08 01:35:10+0000: MoveNum: 4 HASH: B7C7D2673D59A7FF9840270CFDFB9155
   A B C D E F G H J K L M N O P Q R S T
19 . . . . . . . . . . . . . . . . . . .
18 . . . . . . . . . . . . . . . . . . .
17 . . . . . . . . . . . . . . . . @ . .
16 . . . X2. . . . . . . . . . . O1. . .
15 . . . . . . . . . . . . . . . . . . .
14 . . . . . . . . . . . . . . . . . . .
13 . . . . . . . . . . . . . . . . . . .
12 . . . . . . . . . . . . . . . . . . .
11 . . . . . . . . . . . . . . . . . . .
10 . . . . . . . . . . . . . . . . . . .
 9 . . . . . . . . . . . . . . . . . . .
 8 . . . . . . . . . . . . . . . . . . .
 7 . . . . . . . . . . . . . . . . . . .
 6 . . . . . . . . . . . . . . . . . . .
 5 . . . . . . . . . . . . . . . . . . .
 4 . . . X . . . . . . . . . . . O3. . .
 3 . . . . . . . . . . . . . . . . . . .
 2 . . . . . . . . . . . . . . . . . . .
 1 . . . . . . . . . . . . . . . . . . .

koPOSITIONALscoreAREAsui1komi7.5
Time taken: 0.01358
Root visits: 256
NN rows: 2
NN batches: 2
NN avg batch size: 1
PV: R17 Q17 R16 R14 R15 Q15 S14 C3 D3 C4 C6 C5 D5 B6 R3 R4 Q3 P4 O2 R18 S18 S15
Tree:
: T -11.13c W -10.74c S  -0.38c ( -1.3) N     256  --  R17 Q17 R16 R14 R15 Q15 S14
---Black(^)---
R17 : T -11.10c W -10.72c S  -0.38c ( -1.3) LCB  -12.23c P 48.02% WF 50.04% PSV     129 N     129  --  R17 Q17 R16 R14 R15 Q15 S14 C3
R3  : T -11.16c W -10.77c S  -0.39c ( -1.3) LCB  -12.40c P 47.33% WF 49.96% PSV     126 N     126  --  R3 Q3 R4 R6 R5 Q5 S6 C3

2020-01-08 01:35:10+0000: = R17
2020-01-08 01:35:14+0000: Controller: genmove w
2020-01-08 01:35:15+0000: MoveNum: 5 HASH: 05F1419AD0DC3719D95205F63D450F4E
   A B C D E F G H J K L M N O P Q R S T
19 . . . . . . . . . . . . . . . . . . .
18 . . . . . . . . . . . . . . . . . . .
17 . . . . . . . . . . . . . . . . X3. .
16 . . . X1. . . . . . . . . . . O @ . .
15 . . . . . . . . . . . . . . . . . . .
14 . . . . . . . . . . . . . . . . . . .
13 . . . . . . . . . . . . . . . . . . .
12 . . . . . . . . . . . . . . . . . . .
11 . . . . . . . . . . . . . . . . . . .
10 . . . . . . . . . . . . . . . . . . .
 9 . . . . . . . . . . . . . . . . . . .
 8 . . . . . . . . . . . . . . . . . . .
 7 . . . . . . . . . . . . . . . . . . .
 6 . . . . . . . . . . . . . . . . . . .
 5 . . . . . . . . . . . . . . . . . . .
 4 . . . X . . . . . . . . . . . O2. . .
 3 . . . . . . . . . . . . . . . . . . .
 2 . . . . . . . . . . . . . . . . . . .
 1 . . . . . . . . . . . . . . . . . . .

koPOSITIONALscoreAREAsui1komi7.5
Time taken: 0.620909
Root visits: 256
NN rows: 111
NN batches: 111
NN avg batch size: 1
PV: Q17 R16 R14 R15 Q15 S14 C3 D3 C4 C6 C5 D5 B6 R3 R4 Q3 P4 O2 R18 S18 S15 Q18 S17 R19 S16
Tree:
: T  11.09c W  10.92c S   0.17c ( +1.3) N     256  --  Q17 R16 R14 R15 Q15 S14 C3
---White(^)---
Q17 : T  11.05c W  10.89c S   0.16c ( +1.3) LCB   10.21c P 85.56% WF 49.88% PSV     227 N     227  --  Q17 R16 R14 R15 Q15 S14 C3 D3
R16 : T  11.26c W  11.00c S   0.26c ( +1.4) LCB    9.03c P 10.43% WF 50.12% PSV      28 N      28  --  R16 Q17 P16 O18 C17 D17 C16 C14

2020-01-08 01:35:15+0000: = R16
2020-01-08 01:35:18+0000: Controller: genmove b
2020-01-08 01:35:19+0000: MoveNum: 6 HASH: 7E29DE43DFD228DCA335F0F64EB2EF70
   A B C D E F G H J K L M N O P Q R S T
19 . . . . . . . . . . . . . . . . . . .
18 . . . . . . . . . . . . . . . . . . .
17 . . . . . . . . . . . . . . . @ X2. .
16 . . . X . . . . . . . . . . . O O3. .
15 . . . . . . . . . . . . . . . . . . .
14 . . . . . . . . . . . . . . . . . . .
13 . . . . . . . . . . . . . . . . . . .
12 . . . . . . . . . . . . . . . . . . .
11 . . . . . . . . . . . . . . . . . . .
10 . . . . . . . . . . . . . . . . . . .
 9 . . . . . . . . . . . . . . . . . . .
 8 . . . . . . . . . . . . . . . . . . .
 7 . . . . . . . . . . . . . . . . . . .
 6 . . . . . . . . . . . . . . . . . . .
 5 . . . . . . . . . . . . . . . . . . .
 4 . . . X . . . . . . . . . . . O1. . .
 3 . . . . . . . . . . . . . . . . . . .
 2 . . . . . . . . . . . . . . . . . . .
 1 . . . . . . . . . . . . . . . . . . .

koPOSITIONALscoreAREAsui1komi7.5
Time taken: 1.06427
Root visits: 256
NN rows: 197
NN batches: 197
NN avg batch size: 1
PV: Q17 P16 O18 C17 D17 C16 C14 C15 D15 B14 R3 Q3 R4 R6 R5 Q5 S6 R2 S2 S5
Tree:
: T -11.66c W -11.12c S  -0.54c ( -1.3) N     256  --  Q17 P16 O18 C17 D17 C16 C14
---Black(^)---
Q17 : T -11.67c W -11.12c S  -0.54c ( -1.4) LCB  -12.42c P 98.73% WF 100.00% PSV     255 N     255  --  Q17 P16 O18 C17 D17 C16 C14 C15

2020-01-08 01:35:19+0000: = Q17
2020-01-08 01:35:23+0000: Controller: genmove w
2020-01-08 01:35:23+0000: MoveNum: 7 HASH: C5ADD8B50DEF5B12A5863C0FB1CEC3F8
   A B C D E F G H J K L M N O P Q R S T
19 . . . . . . . . . . . . . . . . . . .
18 . . . . . . . . . . . . . . . . . . .
17 . . . . . . . . . . . . . . . X3X1. .
16 . . . X . . . . . . . . . . @ O O2. .
15 . . . . . . . . . . . . . . . . . . .
14 . . . . . . . . . . . . . . . . . . .
13 . . . . . . . . . . . . . . . . . . .
12 . . . . . . . . . . . . . . . . . . .
11 . . . . . . . . . . . . . . . . . . .
10 . . . . . . . . . . . . . . . . . . .
 9 . . . . . . . . . . . . . . . . . . .
 8 . . . . . . . . . . . . . . . . . . .
 7 . . . . . . . . . . . . . . . . . . .
 6 . . . . . . . . . . . . . . . . . . .
 5 . . . . . . . . . . . . . . . . . . .
 4 . . . X . . . . . . . . . . . O . . .
 3 . . . . . . . . . . . . . . . . . . .
 2 . . . . . . . . . . . . . . . . . . .
 1 . . . . . . . . . . . . . . . . . . .

koPOSITIONALscoreAREAsui1komi7.5
Time taken: 0.01367
Root visits: 256
NN rows: 2
NN batches: 2
NN avg batch size: 1
PV: P16 O18 C17 D17 C16 C14 C15 D15 B14 R3 Q3 R4 R6 R5 Q5 S6 R2 S2 S5
Tree:
: T  11.60c W  11.12c S   0.48c ( +1.3) N     256  --  P16 O18 C17 D17 C16 C14 C15
---White(^)---
P16 : T  11.82c W  11.28c S   0.55c ( +1.4) LCB   10.79c P 58.09% WF 33.96% PSV     156 N     156  --  P16 O18 C17 D17 C16 C14 C15 D15
O17 : T  11.55c W  11.13c S   0.42c ( +1.3) LCB   10.38c P 33.64% WF 33.67% PSV      86 N      86  --  O17 P17 P16 O18 C17 D17 C16 C14
P17 : T   9.27c W   9.14c S   0.13c ( +0.8) LCB    4.96c P  6.78% WF 32.37% PSV      13 N      13  --  P17 P18 O18 O17 P16 N18 Q18 O19

2020-01-08 01:35:23+0000: = P16
2020-01-08 01:35:29+0000: Controller: genmove b
2020-01-08 01:35:29+0000: MoveNum: 8 HASH: 8FEC8A3465A989A8A8F0556178C9B4FA
   A B C D E F G H J K L M N O P Q R S T
19 . . . . . . . . . . . . . . . . . . .
18 . . . . . . . . . . . . . . . . . . .
17 . . . . . . . . . . . . . . @ X2X . .
16 . . . X . . . . . . . . . . O3O O1. .
15 . . . . . . . . . . . . . . . . . . .
14 . . . . . . . . . . . . . . . . . . .
13 . . . . . . . . . . . . . . . . . . .
12 . . . . . . . . . . . . . . . . . . .
11 . . . . . . . . . . . . . . . . . . .
10 . . . . . . . . . . . . . . . . . . .
 9 . . . . . . . . . . . . . . . . . . .
 8 . . . . . . . . . . . . . . . . . . .
 7 . . . . . . . . . . . . . . . . . . .
 6 . . . . . . . . . . . . . . . . . . .
 5 . . . . . . . . . . . . . . . . . . .
 4 . . . X . . . . . . . . . . . O . . .
 3 . . . . . . . . . . . . . . . . . . .
 2 . . . . . . . . . . . . . . . . . . .
 1 . . . . . . . . . . . . . . . . . . .

koPOSITIONALscoreAREAsui1komi7.5
Time taken: 0.461591
Root visits: 256
NN rows: 80
NN batches: 80
NN avg batch size: 1
PV: O18 C3 D3 C4 C6 C5 D5 B6 R3 Q3 R4 R6 R5 Q5 S6 R2 S2 S5 Q2 S3 R1 S4 R2 S7 Q6
Tree:
: T -11.76c W -11.28c S  -0.48c ( -1.5) N     256  --  O18 C3 D3 C4 C6 C5 D5
---Black(^)---
O18 : T -11.59c W -11.13c S  -0.46c ( -1.4) LCB  -12.67c P 52.45% WF 50.27% PSV     139 N     139  --  O18 C3 D3 C4 C6 C5 D5 B6
P17 : T -11.96c W -11.46c S  -0.50c ( -1.5) LCB  -13.17c P 46.50% WF 49.73% PSV     116 N     116  --  P17 N17 R3 O17 S16 S15 S17 Q3

2020-01-08 01:35:29+0000: = P17
2020-01-08 01:36:00+0000: Controller: kata-analyze 10 ownership true
2020-01-08 01:36:00+0000: = 
2020-01-08 01:36:26+0000: Controller: kata-analyze 10
2020-01-08 01:36:26+0000: = 
2020-01-08 01:36:32+0000: Controller: stop
2020-01-08 01:36:32+0000: = 
2020-01-08 01:38:23+0000: Controller: genmove w
2020-01-08 01:38:23+0000: MoveNum: 9 HASH: B8108E69E3811689CC50E14E69B24F6A
   A B C D E F G H J K L M N O P Q R S T
19 . . . . . . . . . . . . . . . . . . .
18 . . . . . . . . . . . . . . . . . . .
17 . . . . . . . . . . . . @ . X3X1X . .
16 . . . X . . . . . . . . . . O2O O . .
15 . . . . . . . . . . . . . . . . . . .
14 . . . . . . . . . . . . . . . . . . .
13 . . . . . . . . . . . . . . . . . . .
12 . . . . . . . . . . . . . . . . . . .
11 . . . . . . . . . . . . . . . . . . .
10 . . . . . . . . . . . . . . . . . . .
 9 . . . . . . . . . . . . . . . . . . .
 8 . . . . . . . . . . . . . . . . . . .
 7 . . . . . . . . . . . . . . . . . . .
 6 . . . . . . . . . . . . . . . . . . .
 5 . . . . . . . . . . . . . . . . . . .
 4 . . . X . . . . . . . . . . . O . . .
 3 . . . . . . . . . . . . . . . . . . .
 2 . . . . . . . . . . . . . . . . . . .
 1 . . . . . . . . . . . . . . . . . . .

koPOSITIONALscoreAREAsui1komi7.5
Time taken: 0.006582
Root visits: 7682
NN rows: 0
NN batches: 0
NN avg batch size: -nan
PV: N17 R3 Q3 R4 R6 R5 Q5 S6 R2 S2 S5 Q2 S3 R1 S4 R2 S7 Q6 R7 O3 O6 F3 F17 O17 O16
Tree:
: T  12.18c W  11.82c S   0.37c ( +1.6) N    7682  --  N17 R3 Q3 R4 R6 R5 Q5
---White(^)---
N17 : T  12.61c W  12.17c S   0.44c ( +1.7) LCB   12.28c P 47.41% WF 35.58% PSV    5851 N    5851  --  N17 R3 Q3 R4 R6 R5 Q5 S6
O17 : T  10.68c W  10.58c S   0.11c ( +1.2) LCB   10.27c P 44.24% WF 31.50% PSV    1577 N    1577  --  O17 O18 C17 D17 C16 C14 C15 D15
O16 : T  10.99c W  10.86c S   0.12c ( +1.3) LCB    9.97c P  6.23% WF 32.92% PSV     253 N     253  --  O16 N18 C3 D3 C4 C6 C5 D5

2020-01-08 01:38:23+0000: = N17
2020-01-08 01:39:00+0000: Controller: katago-analyze 10
2020-01-08 01:39:00+0000: ? unknown command
2020-01-08 01:39:19+0000: Controller: kata-analyze 10
2020-01-08 01:39:19+0000: = 
2020-01-08 01:39:22+0000: Controller: stop
2020-01-08 01:39:22+0000: = 
2020-01-08 01:40:02+0000: Controller: kata-analyze 10
2020-01-08 01:40:02+0000: = 
2020-01-08 01:40:07+0000: Controller: kata-analyze
2020-01-08 01:40:07+0000: = 
2020-01-08 01:40:25+0000: Controller: kata-analyze ownership true
2020-01-08 01:40:25+0000: = 
2020-01-08 01:40:39+0000: Controller: kata-analyze 10 ownership true
2020-01-08 01:40:39+0000: = 
2020-01-08 01:40:45+0000: Controller: kata-analyze
2020-01-08 01:40:45+0000: = 
2020-01-08 01:44:59+0000: Controller: quit
2020-01-08 01:44:59+0000: Quit requested by controller
2020-01-08 01:44:59+0000: = 
2020-01-08 01:45:00+0000: All cleaned up, quitting
2020-01-08 01:47:05+0000: GTP Engine starting...
2020-01-08 01:47:05+0000: KataGo v1.2
2020-01-08 01:47:05+0000: Using 1 CPU thread(s) for search
2020-01-08 01:47:05+0000: nnRandSeed0 = 15919127848199351215
2020-01-08 01:47:05+0000: After dedups: nnModelFile0 = models/g104-b20c256.txt.gz useFP16 false useNHWC false
2020-01-08 01:47:09+0000: Loaded neural net with nnXLen 19 nnYLen 19
2020-01-08 01:47:09+0000: Loaded model models/g104-b20c256.txt.gz
2020-01-08 01:47:09+0000: GTP ready, beginning main protocol loop
2020-01-08 01:47:09+0000: Cuda backend: Found GPU GeForce RTX 2080 memory 8335982592 compute capability major 7 minor 5
2020-01-08 01:47:09+0000: Cuda backend: Model version 5
2020-01-08 01:47:14+0000: Controller: genmoce b
2020-01-08 01:47:14+0000: ? unknown command
2020-01-08 01:47:18+0000: Controller: genmove b
2020-01-08 01:47:19+0000: MoveNum: 0 HASH: 7BF12F3F24903F0C225CD6C55BA8BA1F
   A B C D E F G H J K L M N O P Q R S T
19 . . . . . . . . . . . . . . . . . . .
18 . . . . . . . . . . . . . . . . . . .
17 . . . . . . . . . . . . . . . . . . .
16 . . . . . . . . . . . . . . . @ . . .
15 . . . . . . . . . . . . . . . . . . .
14 . . . . . . . . . . . . . . . . . . .
13 . . . . . . . . . . . . . . . . . . .
12 . . . . . . . . . . . . . . . . . . .
11 . . . . . . . . . . . . . . . . . . .
10 . . . . . . . . . . . . . . . . . . .
 9 . . . . . . . . . . . . . . . . . . .
 8 . . . . . . . . . . . . . . . . . . .
 7 . . . . . . . . . . . . . . . . . . .
 6 . . . . . . . . . . . . . . . . . . .
 5 . . . . . . . . . . . . . . . . . . .
 4 . . . . . . . . . . . . . . . . . . .
 3 . . . . . . . . . . . . . . . . . . .
 2 . . . . . . . . . . . . . . . . . . .
 1 . . . . . . . . . . . . . . . . . . .

koPOSITIONALscoreAREAsui1komi7.5
Time taken: 0.828511
Root visits: 256
NN rows: 148
NN batches: 148
NN avg batch size: 1
PV: Q4 D16 Q16 D4 C3 D3 C4 C6
Tree:
: T -11.34c W -10.91c S  -0.43c ( -1.3) N     256  --  Q4 D16 Q16 D4 C3 D3 C4
---Black(^)---
Q4  : T -11.28c W -10.87c S  -0.41c ( -1.3) LCB  -12.99c P 17.00% WF  8.34% PSV      62 N      47  --  Q4 D16 Q16 D4 C3 D3 C4 C6
Q16 : T -11.25c W -10.83c S  -0.42c ( -1.3) LCB  -13.05c P 17.88% WF  8.35% PSV      49 N      49  --  Q16 D16 D4 Q4 R3 R4 Q3
D16 : T -11.47c W -11.03c S  -0.44c ( -1.3) LCB  -13.39c P 17.13% WF  8.31% PSV      46 N      46  --  D16 Q4 Q16 D4 C3 C4 D3 F3
D4  : T -11.40c W -10.97c S  -0.43c ( -1.3) LCB  -13.33c P 16.66% WF  8.32% PSV      45 N      45  --  D4 Q16 Q4 D16 C17 C16 D17 F17
R4  : T -11.26c W -10.84c S  -0.42c ( -1.3) LCB  -19.37c P  3.41% WF  8.34% PSV       9 N       9  --  R4 D16 D4 Q16
Q17 : T -10.93c W -10.53c S  -0.40c ( -1.2) LCB  -19.03c P  3.29% WF  8.38% PSV       9 N       9  --  Q17 D4 Q4
R16 : T -11.54c W -11.10c S  -0.44c ( -1.3) LCB  -21.36c P  3.19% WF  8.31% PSV       9 N       9  --  R16 D16 D4
C16 : T -10.83c W -10.43c S  -0.40c ( -1.2) LCB  -20.14c P  3.17% WF  8.40% PSV       9 N       9  --  C16 Q16 Q4
C4  : T -11.83c W -11.38c S  -0.46c ( -1.3) LCB  -20.61c P  3.47% WF  8.27% PSV       8 N       8  --  C4 Q4 Q16
Q3  : T -11.68c W -11.22c S  -0.46c ( -1.3) LCB  -24.43c P  3.18% WF  8.29% PSV       8 N       8  --  Q3 Q16 D16

2020-01-08 01:47:19+0000: = Q16
2020-01-08 01:47:28+0000: Controller: genmove w
2020-01-08 01:47:29+0000: MoveNum: 1 HASH: 23CECFAE434B8B4F6CEAD485AE937E69
   A B C D E F G H J K L M N O P Q R S T
19 . . . . . . . . . . . . . . . . . . .
18 . . . . . . . . . . . . . . . . . . .
17 . . . . . . . . . . . . . . . . . . .
16 . . . . . . . . . . . . . . . X . . .
15 . . . . . . . . . . . . . . . . . . .
14 . . . . . . . . . . . . . . . . . . .
13 . . . . . . . . . . . . . . . . . . .
12 . . . . . . . . . . . . . . . . . . .
11 . . . . . . . . . . . . . . . . . . .
10 . . . . . . . . . . . . . . . . . . .
 9 . . . . . . . . . . . . . . . . . . .
 8 . . . . . . . . . . . . . . . . . . .
 7 . . . . . . . . . . . . . . . . . . .
 6 . . . . . . . . . . . . . . . . . . .
 5 . . . . . . . . . . . . . . . . . . .
 4 . . . @ . . . . . . . . . . . . . . .
 3 . . . . . . . . . . . . . . . . . . .
 2 . . . . . . . . . . . . . . . . . . .
 1 . . . . . . . . . . . . . . . . . . .

koPOSITIONALscoreAREAsui1komi7.5
Time taken: 0.749459
Root visits: 256
NN rows: 135
NN batches: 135
NN avg batch size: 1
PV: D4 D16 Q4 R3 R4 Q3 O3 P3 P4 O2 R17 R16 Q17
Tree:
: T  11.18c W  10.80c S   0.38c ( +1.3) N     256  --  D4 D16 Q4 R3 R4 Q3 O3
---White(^)---
D4  : T  11.51c W  11.05c S   0.46c ( +1.4) LCB   10.26c P 41.22% WF 33.72% PSV     117 N     117  --  D4 D16 Q4 R3 R4 Q3 O3 P3
D16 : T  10.96c W  10.63c S   0.33c ( +1.2) LCB    9.34c P 26.85% WF 33.20% PSV      70 N      70  --  D16 D4 Q4 C17 C16 D17 F17 E17
Q4  : T  10.82c W  10.52c S   0.30c ( +1.2) LCB    9.11c P 26.91% WF 33.08% PSV      68 N      68  --  Q4 D4 D16 C17 C16 D17 F17 E17

2020-01-08 01:47:29+0000: = D4
2020-01-08 01:47:37+0000: Controller: kata-analyze 100
2020-01-08 01:47:37+0000: = 
2020-01-08 01:47:50+0000: Controller: kata-analyze
2020-01-08 01:47:50+0000: = 
2020-01-08 01:48:02+0000: Controller: kata-analyze 1000
2020-01-08 01:48:02+0000: = 
2020-01-08 01:48:51+0000: Controller: stop
2020-01-08 01:48:51+0000: = 
2020-01-08 01:48:57+0000: Controller: quit
2020-01-08 01:48:57+0000: Quit requested by controller
2020-01-08 01:48:57+0000: = 
2020-01-08 01:48:57+0000: All cleaned up, quitting
2020-01-08 01:58:18+0000: GTP Engine starting...
2020-01-08 01:58:18+0000: KataGo v1.2
2020-01-08 01:58:18+0000: Using 1 CPU thread(s) for search
2020-01-08 01:58:18+0000: nnRandSeed0 = 14694683060237547796
2020-01-08 01:58:18+0000: After dedups: nnModelFile0 = models/g104-b20c256.txt.gz useFP16 false useNHWC false
2020-01-08 01:58:23+0000: Loaded neural net with nnXLen 19 nnYLen 19
2020-01-08 01:58:23+0000: Loaded model models/g104-b20c256.txt.gz
2020-01-08 01:58:23+0000: GTP ready, beginning main protocol loop
2020-01-08 01:58:23+0000: Cuda backend: Found GPU GeForce RTX 2080 memory 8335982592 compute capability major 7 minor 5
2020-01-08 01:58:23+0000: Cuda backend: Model version 5
2020-01-08 01:58:31+0000: Controller: komi 0.5
2020-01-08 01:58:31+0000: = 
2020-01-08 01:58:37+0000: Controller: play b d4
2020-01-08 01:58:37+0000: = 
2020-01-08 01:58:41+0000: Controller: play b d16
2020-01-08 01:58:41+0000: = 
2020-01-08 01:58:45+0000: Controller: play b q4
2020-01-08 01:58:45+0000: = 
2020-01-08 01:58:49+0000: Controller: play b q 16
2020-01-08 01:58:49+0000: ? Expected two arguments for play but got 'b q 16'
2020-01-08 01:58:52+0000: Controller: genmove w
2020-01-08 01:58:54+0000: MoveNum: 1 HASH: EFC727C7B41FF84055DC7E9F645F29D1
   A B C D E F G H J K L M N O P Q R S T
19 . . . . . . . . . . . . . . . . . . .
18 . . . . . . . . . . . . . . . . . . .
17 . . . . . . . . . . . . . . . . . . .
16 . . . X . . . . . . . . . . . @ . . .
15 . . . . . . . . . . . . . . . . . . .
14 . . . . . . . . . . . . . . . . . . .
13 . . . . . . . . . . . . . . . . . . .
12 . . . . . . . . . . . . . . . . . . .
11 . . . . . . . . . . . . . . . . . . .
10 . . . . . . . . . . . . . . . . . . .
 9 . . . . . . . . . . . . . . . . . . .
 8 . . . . . . . . . . . . . . . . . . .
 7 . . . . . . . . . . . . . . . . . . .
 6 . . . . . . . . . . . . . . . . . . .
 5 . . . . . . . . . . . . . . . . . . .
 4 . . . X . . . . . . . . . . . X . . .
 3 . . . . . . . . . . . . . . . . . . .
 2 . . . . . . . . . . . . . . . . . . .
 1 . . . . . . . . . . . . . . . . . . .

koPOSITIONALscoreAREAsui1komi3.5
Time taken: 1.3777
Root visits: 256
NN rows: 251
NN batches: 251
NN avg batch size: 1
PV: Q16 R17 Q17 R16 R14 R15 Q15 S14 C3 C4 D3 E3 E2
Tree:
: T -110.20c W -97.26c S -12.94c (-42.0) N     256  --  Q16 R17 Q17 R16 R14 R15 Q15
---White(^)---
Q16 : T -110.43c W -97.34c S -13.10c (-42.3) LCB -110.94c P 70.57% WF 32.66% PSV     215 N     215  --  Q16 R17 Q17 R16 R14 R15 Q15 S14
Q17 : T -109.18c W -96.91c S -12.27c (-40.8) LCB -112.12c P  5.48% WF 33.57% PSV      21 N      21  --  Q17 R15 O16 F17 R3
R16 : T -108.81c W -96.85c S -11.96c (-40.2) LCB -112.00c P  4.47% WF 33.78% PSV      19 N      19  --  R16 P17 Q14 R6 C17

2020-01-08 01:58:54+0000: = Q16
2020-01-08 01:59:22+0000: Controller: clear_board
2020-01-08 01:59:22+0000: = 
2020-01-08 01:59:32+0000: Controller: genmove b
2020-01-08 01:59:33+0000: MoveNum: 0 HASH: 7BF12F3F24903F0C225CD6C55BA8BA1F
   A B C D E F G H J K L M N O P Q R S T
19 . . . . . . . . . . . . . . . . . . .
18 . . . . . . . . . . . . . . . . . . .
17 . . . . . . . . . . . . . . . . . . .
16 . . . . . . . . . . . . . . . . . . .
15 . . . . . . . . . . . . . . . . . . .
14 . . . . . . . . . . . . . . . . . . .
13 . . . . . . . . . . . . . . . . . . .
12 . . . . . . . . . . . . . . . . . . .
11 . . . . . . . . . . . . . . . . . . .
10 . . . . . . . . . . . . . . . . . . .
 9 . . . . . . . . . . . . . . . . . . .
 8 . . . . . . . . . . . . . . . . . . .
 7 . . . . . . . . . . . . . . . . . . .
 6 . . . . . . . . . . . . . . . . . . .
 5 . . . . . . . . . . . . . . . . . . .
 4 . . . @ . . . . . . . . . . . . . . .
 3 . . . . . . . . . . . . . . . . . . .
 2 . . . . . . . . . . . . . . . . . . .
 1 . . . . . . . . . . . . . . . . . . .

koPOSITIONALscoreAREAsui1komi0.5
Time taken: 0.804564
Root visits: 256
NN rows: 136
NN batches: 136
NN avg batch size: 1
PV: Q4 D16 D4 Q16 R17 R16 Q17 O17 P17
Tree:
: T  55.89c W  52.04c S   3.86c ( +9.2) N     256  --  Q4 D16 D4 Q16 R17 R16 Q17
---Black(^)---
Q4  : T  57.18c W  53.23c S   3.95c ( +9.4) LCB   49.62c P 17.50% WF  8.88% PSV      63 N      58  --  Q4 D16 D4 Q16 R17 R16 Q17 O17
D16 : T  56.93c W  53.08c S   3.86c ( +9.2) LCB   49.52c P 18.40% WF  8.83% PSV      56 N      56  --  D16 Q4 D4 Q16 R17 Q17 R16 R14
D4  : T  56.36c W  52.52c S   3.84c ( +9.2) LCB   48.63c P 18.97% WF  8.70% PSV      52 N      52  --  D4 Q16 Q4 D16 C17 C16 D17 F17
Q16 : T  56.46c W  52.61c S   3.85c ( +9.2) LCB   48.24c P 17.38% WF  8.72% PSV      49 N      49  --  Q16 D4 D16 Q4 R3 R4 Q3 O3
D17 : T  52.13c W  48.28c S   3.84c ( +9.2) LCB  -11.54c P  3.20% WF  8.17% PSV       5 N       5  --  D17 Q4 D4
Q17 : T  51.79c W  47.96c S   3.82c ( +9.2) LCB  -19.37c P  3.13% WF  8.13% PSV       5 N       5  --  Q17 Q4 D4
R16 : T  52.50c W  48.63c S   3.87c ( +9.3) LCB  -27.82c P  2.99% WF  8.22% PSV       5 N       5  --  R16 D4 D16
D3  : T  50.37c W  46.70c S   3.67c ( +9.0) LCB  -45.27c P  2.98% WF  7.97% PSV       5 N       5  --  D3 D16 Q16
C4  : T  50.74c W  47.05c S   3.69c ( +9.0) LCB  -35.77c P  2.83% WF  8.01% PSV       5 N       5  --  C4 Q4 Q16
Q3  : T  52.06c W  48.19c S   3.87c ( +9.3) LCB  -22.89c P  2.83% WF  8.17% PSV       5 N       5  --  Q3 D16 Q16

2020-01-08 01:59:33+0000: = D4
2020-01-08 01:59:42+0000: Controller: clear_board
2020-01-08 01:59:42+0000: = 
2020-01-08 01:59:46+0000: Controller: play b d4
2020-01-08 01:59:46+0000: = 
2020-01-08 01:59:51+0000: Controller: play b d16
2020-01-08 01:59:51+0000: = 
2020-01-08 01:59:55+0000: Controller: play b q4
2020-01-08 01:59:55+0000: = 
2020-01-08 01:59:59+0000: Controller: play b q16
2020-01-08 01:59:59+0000: = 
2020-01-08 02:00:03+0000: Controller: genmove w
2020-01-08 02:00:04+0000: MoveNum: 1 HASH: B7F8C756D3C44C031B6A7CDF9164EDA7
   A B C D E F G H J K L M N O P Q R S T
19 . . . . . . . . . . . . . . . . . . .
18 . . . . . . . . . . . . . . . . . . .
17 . . . . . . . . . . . . . . . . . . .
16 . . . X . . . . . . . . . . . X . . .
15 . . . . . . . . . . . . . . . . . . .
14 . . . . . . . . . . . . . . . . . . .
13 . . . . . . . . . . . . . . . . . . .
12 . . . . . . . . . . . . . . . . . . .
11 . . . . . . . . . . . . . . . . . . .
10 . . . . . . . . . . . . . . . . . . .
 9 . . . . . . . . . . . . . . . . . . .
 8 . . . . . . . . . . . . . . . . . . .
 7 . . . . . . . . . . . . . . . . . . .
 6 . . . . . . . . . . . . . . . . . . .
 5 . . . . . . . . . . . . . . . . . . .
 4 . . . X . . . . . . . . . . . X . . .
 3 . . @ . . . . . . . . . . . . . . . .
 2 . . . . . . . . . . . . . . . . . . .
 1 . . . . . . . . . . . . . . . . . . .

koPOSITIONALscoreAREAsui1komi4.5
Time taken: 1.37605
Root visits: 256
NN rows: 249
NN batches: 249
NN avg batch size: 1
PV: R3 Q3 R4 Q5 S6 F3 R17
Tree:
: T -112.79c W -98.37c S -14.42c (-54.8) N     256  --  R3 Q3 R4 Q5 S6 F3 R17
---White(^)---
R3  : T -112.86c W -98.40c S -14.46c (-54.8) LCB -113.63c P 17.49% WF 14.22% PSV      67 N      67  --  R3 Q3 R4 Q5 S6 F3 R17
C3  : T -112.95c W -98.41c S -14.54c (-55.0) LCB -113.83c P 14.46% WF 14.19% PSV      55 N      55  --  C3 C4 D3 E3 E2 F2 F3 E4
C17 : T -112.89c W -98.42c S -14.47c (-54.8) LCB -113.79c P 14.16% WF 14.21% PSV      54 N      54  --  C17 D17 C16 C15 B15 B14 C14 D15
R17 : T -112.75c W -98.37c S -14.39c (-54.7) LCB -113.65c P 13.58% WF 14.26% PSV      54 N      54  --  R17 R16 Q17 P17 P18 O18 O17 P16
R6  : T -112.08c W -98.06c S -14.02c (-54.1) LCB -115.49c P  3.02% WF 14.42% PSV      14 N      14  --  R6 O3 C17 C16
R14 : T -112.00c W -98.10c S -13.91c (-53.6) LCB -117.12c P  1.47% WF 14.41% PSV       7 N       7  --  R14 O17 R3 Q3
C6  : T -112.63c W -98.27c S -14.36c (-54.8) LCB -162.06c P  1.20% WF 14.28% PSV       4 N       4  --  C6 F3 C17 D17

2020-01-08 02:00:04+0000: = C3
2020-01-08 02:01:14+0000: Controller: quit
2020-01-08 02:01:14+0000: Quit requested by controller
2020-01-08 02:01:14+0000: = 
2020-01-08 02:01:14+0000: All cleaned up, quitting
